#
# There is insufficient memory for the Java Runtime Environment to continue.
# Native memory allocation (mmap) failed to map 134217728 bytes for Failed to commit area from 0x0000000081600000 to 0x0000000089600000 of length 134217728.
# Possible reasons:
#   The system is out of physical RAM or swap space
#   The process is running with CompressedOops enabled, and the Java Heap may be blocking the growth of the native heap
# Possible solutions:
#   Reduce memory load on the system
#   Increase physical memory or swap space
#   Check if swap backing store is full
#   Decrease Java heap size (-Xmx/-Xms)
#   Decrease number of Java threads
#   Decrease Java thread stack sizes (-Xss)
#   Set larger code cache with -XX:ReservedCodeCacheSize=
# This output file may be truncated or incomplete.
#
#  Out of Memory Error (t:/workspace/open/src/hotspot/os/windows/os_windows.cpp:3301), pid=7904, tid=13044
#
# JRE version:  (13.0.2+8) (build )
# Java VM: Java HotSpot(TM) 64-Bit Server VM (13.0.2+8, mixed mode, aot, sharing, tiered, compressed oops, g1 gc, windows-amd64)
# No core dump will be written. Minidumps are not enabled by default on client versions of Windows
#

---------------  S U M M A R Y ------------

Command Line: -Dfile.encoding=Cp1252 PrivacyDecrypt

Host: Intel(R) Core(TM) i5-4310U CPU @ 2.00GHz, 4 cores, 7G,  Windows 10 , 64 bit Build 18362 (10.0.18362.900)
Time: Sun Aug  9 20:30:09 2020 W. Central Africa Standard Time elapsed time: 0 seconds (0d 0h 0m 0s)

---------------  T H R E A D  ---------------

Current thread (0x00000209ccc13800):  JavaThread "Unknown thread" [_thread_in_vm, id=13044, stack(0x00000089d6300000,0x00000089d6400000)]

Stack: [0x00000089d6300000,0x00000089d6400000]
Native frames: (J=compiled Java code, j=interpreted, Vv=VM code, C=native code)
V  [jvm.dll+0x624f9a]
V  [jvm.dll+0x770cfa]
V  [jvm.dll+0x7724af]
V  [jvm.dll+0x772ab3]
V  [jvm.dll+0x24bf08]
V  [jvm.dll+0x6222aa]
V  [jvm.dll+0x6170b5]
V  [jvm.dll+0x30a88c]
V  [jvm.dll+0x30a6c2]
V  [jvm.dll+0x30fe36]
V  [jvm.dll+0x353f46]
V  [jvm.dll+0x353720]
V  [jvm.dll+0x2e550a]
V  [jvm.dll+0x2e67a2]
V  [jvm.dll+0x74dd78]
V  [jvm.dll+0x361989]
V  [jvm.dll+0x730e65]
V  [jvm.dll+0x3cc53f]
V  [jvm.dll+0x3ce861]
C  [jli.dll+0x51ff]
C  [ucrtbase.dll+0x20e82]
C  [KERNEL32.DLL+0x17bd4]
C  [ntdll.dll+0x6ce51]


---------------  P R O C E S S  ---------------

Threads class SMR info:
_java_thread_list=0x00007ffd5e8fccb8, length=0, elements={
}

Java Threads: ( => current thread )

Other Threads:
  0x00000209ccc58000 GCTaskThread "GC Thread#0" [stack: 0x00000089d6400000,0x00000089d6500000] [id=14360]
  0x00000209ccc6a000 ConcurrentGCThread "G1 Main Marker" [stack: 0x00000089d6500000,0x00000089d6600000] [id=3168]
  0x00000209ccc6c000 ConcurrentGCThread "G1 Conc#0" [stack: 0x00000089d6600000,0x00000089d6700000] [id=8684]

[error occurred during error reporting (printing all threads), id 0xc0000005, EXCEPTION_ACCESS_VIOLATION (0xc0000005) at pc=0x00007ffd5e1351d7]

VM state:not at safepoint (not fully initialized)

VM Mutex/Monitor currently owned by a thread:  ([mutex/lock_event])
[0x00000209ccc0f540] Heap_lock - owner thread: 0x00000209ccc13800

Heap address: 0x0000000081600000, size: 2026 MB, Compressed Oops mode: Non-zero based: 0x0000000081600000
Narrow klass base: 0x0000000000000000, Narrow klass shift: 0

GC Heap History (0 events):
No events

Deoptimization events (0 events):
No events

Classes unloaded (0 events):
No events

Classes redefined (0 events):
No events

Internal exceptions (0 events):
No events

Events (8 events):
Event: 0.016 Loaded shared library C:\Program Files\Java\jdk-13.0.2\bin\zip.dll
Event: 0.017 Loaded shared library C:\Program Files\Java\jdk-13.0.2\bin\jimage.dll
Event: 0.021 Loading shared library C:\Program Files\Java\jdk-13.0.2\lib\libjava.base-coop.dll failed, error code 126
Event: 0.021 Loading shared library C:\Program Files\Java\jdk-13.0.2\lib\libjava.logging-coop.dll failed, error code 126
Event: 0.021 Loading shared library C:\Program Files\Java\jdk-13.0.2\lib\libjdk.compiler-coop.dll failed, error code 126
Event: 0.021 Loading shared library C:\Program Files\Java\jdk-13.0.2\lib\libjdk.scripting.nashorn-coop.dll failed, error code 126
Event: 0.021 Loading shared library C:\Program Files\Java\jdk-13.0.2\lib\libjdk.internal.vm.ci-coop.dll failed, error code 126
Event: 0.021 Loading shared library C:\Program Files\Java\jdk-13.0.2\lib\libjdk.internal.vm.compiler-coop.dll failed, error code 126


Dynamic libraries:
0x00007ff6fe2a0000 - 0x00007ff6fe2af000 	C:\Program Files\Java\jdk-13.0.2\bin\javaw.exe
0x00007ffdd1d00000 - 0x00007ffdd1ef0000 	C:\WINDOWS\SYSTEM32\ntdll.dll
0x00007ffdc8b30000 - 0x00007ffdc8b42000 	C:\Program Files\AVAST Software\Avast\aswhook.dll
0x00007ffdd0710000 - 0x00007ffdd07c2000 	C:\WINDOWS\System32\KERNEL32.DLL
0x00007ffdcf9d0000 - 0x00007ffdcfc74000 	C:\WINDOWS\System32\KERNELBASE.dll
0x00007ffdcf8d0000 - 0x00007ffdcf9ca000 	C:\WINDOWS\System32\ucrtbase.dll
0x00007ffdbe350000 - 0x00007ffdbe368000 	C:\Program Files\Java\jdk-13.0.2\bin\jli.dll
0x00007ffdcff40000 - 0x00007ffdcffe3000 	C:\WINDOWS\System32\ADVAPI32.dll
0x00007ffdd1b80000 - 0x00007ffdd1c1e000 	C:\WINDOWS\System32\msvcrt.dll
0x00007ffdd1c20000 - 0x00007ffdd1cb7000 	C:\WINDOWS\System32\sechost.dll
0x00007ffdd16b0000 - 0x00007ffdd17d0000 	C:\WINDOWS\System32\RPCRT4.dll
0x00007ffdd0570000 - 0x00007ffdd0704000 	C:\WINDOWS\System32\USER32.dll
0x00007ffdcf760000 - 0x00007ffdcf781000 	C:\WINDOWS\System32\win32u.dll
0x00007ffdcfdb0000 - 0x00007ffdcfdd6000 	C:\WINDOWS\System32\GDI32.dll
0x00007ffdcf5c0000 - 0x00007ffdcf755000 	C:\WINDOWS\System32\gdi32full.dll
0x00007ffdcf790000 - 0x00007ffdcf82e000 	C:\WINDOWS\System32\msvcp_win.dll
0x00007ffdbd960000 - 0x00007ffdbd975000 	C:\Program Files\Java\jdk-13.0.2\bin\VCRUNTIME140.dll
0x00007ffdbed30000 - 0x00007ffdbefb4000 	C:\WINDOWS\WinSxS\amd64_microsoft.windows.common-controls_6595b64144ccf1df_6.0.18362.900_none_e6beb9d913147d17\COMCTL32.dll
0x00007ffdd17d0000 - 0x00007ffdd1b05000 	C:\WINDOWS\System32\combase.dll
0x00007ffdcf830000 - 0x00007ffdcf8b0000 	C:\WINDOWS\System32\bcryptPrimitives.dll
0x00007ffdc37c0000 - 0x00007ffdc37ca000 	C:\WINDOWS\SYSTEM32\VERSION.dll
0x00007ffdd0540000 - 0x00007ffdd056e000 	C:\WINDOWS\System32\IMM32.DLL
0x00007ffdaa7d0000 - 0x00007ffdaa86b000 	C:\Program Files\Java\jdk-13.0.2\bin\msvcp140.dll
0x00007ffd5de40000 - 0x00007ffd5e99d000 	C:\Program Files\Java\jdk-13.0.2\bin\server\jvm.dll
0x00007ffdd1b10000 - 0x00007ffdd1b18000 	C:\WINDOWS\System32\PSAPI.DLL
0x00007ffdbdae0000 - 0x00007ffdbdae9000 	C:\WINDOWS\SYSTEM32\WSOCK32.dll
0x00007ffdd0320000 - 0x00007ffdd038f000 	C:\WINDOWS\System32\WS2_32.dll
0x00007ffdcb530000 - 0x00007ffdcb554000 	C:\WINDOWS\SYSTEM32\WINMM.dll
0x00007ffdcb500000 - 0x00007ffdcb52d000 	C:\WINDOWS\SYSTEM32\WINMMBASE.dll
0x00007ffdcfc80000 - 0x00007ffdcfcca000 	C:\WINDOWS\System32\cfgmgr32.dll
0x00007ffdcebf0000 - 0x00007ffdcec01000 	C:\WINDOWS\System32\kernel.appcore.dll
0x00007ffdc5070000 - 0x00007ffdc5080000 	C:\Program Files\Java\jdk-13.0.2\bin\verify.dll
0x00007ffdc33b0000 - 0x00007ffdc35a4000 	C:\WINDOWS\SYSTEM32\DBGHELP.DLL
0x00007ffdc3380000 - 0x00007ffdc33aa000 	C:\WINDOWS\SYSTEM32\dbgcore.DLL
0x00007ffdbe320000 - 0x00007ffdbe346000 	C:\Program Files\Java\jdk-13.0.2\bin\java.dll
0x00007ffdbe950000 - 0x00007ffdbe967000 	C:\Program Files\Java\jdk-13.0.2\bin\zip.dll
0x00007ffdbe900000 - 0x00007ffdbe90a000 	C:\Program Files\Java\jdk-13.0.2\bin\jimage.dll

dbghelp: loaded successfully - version: 4.0.5 - missing functions: none
symbol engine: initialized successfully - sym options: 0x614 - pdb path: .;C:\Program Files\Java\jdk-13.0.2\bin;C:\WINDOWS\SYSTEM32;C:\Program Files\AVAST Software\Avast;C:\WINDOWS\WinSxS\amd64_microsoft.windows.common-controls_6595b64144ccf1df_6.0.18362.900_none_e6beb9d913147d17;C:\Program Files\Java\jdk-13.0.2\bin\server

VM Arguments:
jvm_args: -Dfile.encoding=Cp1252 
java_command: PrivacyDecrypt
java_class_path (initial): C:\Users\SteveCode\OneDrive\Java Practice;C:\Users\SteveCode\.p2\pool\plugins\org.junit.jupiter.api_5.5.1.v20190826-0900.jar;C:\Users\SteveCode\.p2\pool\plugins\org.junit.jupiter.engine_5.5.1.v20190826-0900.jar;C:\Users\SteveCode\.p2\pool\plugins\org.junit.jupiter.migrationsupport_5.5.1.v20190826-0900.jar;C:\Users\SteveCode\.p2\pool\plugins\org.junit.jupiter.params_5.5.1.v20190826-0900.jar;C:\Users\SteveCode\.p2\pool\plugins\org.junit.platform.commons_1.5.1.v20190826-0900.jar;C:\Users\SteveCode\.p2\pool\plugins\org.junit.platform.engine_1.5.1.v20190826-0900.jar;C:\Users\SteveCode\.p2\pool\plugins\org.junit.platform.launcher_1.5.1.v20190826-0900.jar;C:\Users\SteveCode\.p2\pool\plugins\org.junit.platform.runner_1.5.1.v20190826-0900.jar;C:\Users\SteveCode\.p2\pool\plugins\org.junit.platform.suite.api_1.5.1.v20190826-0900.jar;C:\Users\SteveCode\.p2\pool\plugins\org.junit.vintage.engine_5.5.1.v20190826-0900.jar;C:\Users\SteveCode\.p2\pool\plugins\org.opentest4j_1.2.0.v20190826-0900.jar;C:\Users\SteveCode\.p2\pool\plugins\org.apiguardian_1.1.0.v20190826-0900.jar;C:\Users\SteveCode\.p2\pool\plugins\org.junit_4.12.0.v201504281640\junit.jar;C:\Users\SteveCode\.p2\pool\plugins\org.hamcrest.core_1.3.0.v20180420-1519.jar
Launcher Type: SUN_STANDARD

[Global flags]
     intx CICompilerCount                          = 3                                         {product} {ergonomic}
     uint ConcGCThreads                            = 1                                         {product} {ergonomic}
     uint G1ConcRefinementThreads                  = 4                                         {product} {ergonomic}
   size_t G1HeapRegionSize                         = 1048576                                   {product} {ergonomic}
    uintx GCDrainStackTargetSize                   = 64                                        {product} {ergonomic}
   size_t InitialHeapSize                          = 134217728                                 {product} {ergonomic}
   size_t MarkStackSize                            = 4194304                                   {product} {ergonomic}
   size_t MaxHeapSize                              = 2124414976                                {product} {ergonomic}
   size_t MinHeapDeltaBytes                        = 1048576                                   {product} {ergonomic}
   size_t MinHeapSize                              = 8388608                                   {product} {ergonomic}
    uintx NonNMethodCodeHeapSize                   = 5832780                                {pd product} {ergonomic}
    uintx NonProfiledCodeHeapSize                  = 122912730                              {pd product} {ergonomic}
    uintx ProfiledCodeHeapSize                     = 122912730                              {pd product} {ergonomic}
    uintx ReservedCodeCacheSize                    = 251658240                              {pd product} {ergonomic}
     bool SegmentedCodeCache                       = true                                      {product} {ergonomic}
   size_t SoftMaxHeapSize                          = 2124414976                             {manageable} {ergonomic}
     bool UseCompressedClassPointers               = true                                 {lp64_product} {ergonomic}
     bool UseCompressedOops                        = true                                 {lp64_product} {ergonomic}
     bool UseG1GC                                  = true                                      {product} {ergonomic}
     bool UseLargePagesIndividualAllocation        = false                                  {pd product} {ergonomic}

Logging:
Log output configuration:
 #0: stdout all=warning uptime,level,tags
 #1: stderr all=off uptime,level,tags

Environment Variables:
CLASSPATH=C:\Users\SteveCode\OneDrive\Java Practice;
PATH=C:/Program Files/Java/jdk-13.0.2/bin/server;C:/Program Files/Java/jdk-13.0.2/bin;C:\Program Files\Java\jdk-13.0.2\bin;C:\Program Files (x86)\Common Files\Oracle\Java\javapath;C:\Program Files (x86)\Intel\iCLS Client\;C:\Program Files\Intel\iCLS Client\;C:\WINDOWS\system32;C:\WINDOWS;C:\WINDOWS\System32\Wbem;C:\WINDOWS\System32\WindowsPowerShell\v1.0\;C:\WINDOWS\System32\OpenSSH\;C:\Program Files (x86)\Intel\Intel(R) Management Engine Components\DAL;C:\Program Files\Intel\Intel(R) Management Engine Components\DAL;C:\Program Files (x86)\Intel\Intel(R) Management Engine Components\IPT;C:\Program Files\Intel\Intel(R) Management Engine Components\IPT;C:\Users\SteveCode\Documents\Java Practice;C:\Program Files (x86)\Microsoft SQL Server\140\Tools\Binn\;C:\Program Files\Microsoft SQL Server\140\Tools\Binn\;C:\Program Files (x86)\Microsoft SQL Server\140\DTS\Binn\;C:\Program Files\Microsoft SQL Server\140\DTS\Binn\;C:\Program Files\Microsoft SQL Server\Client SDK\ODBC\130\Tools\Binn\;C:\Program Files (x86)\Microsoft SQL Server\150\DTS\Binn\;C:\Users\SteveCode\AppData\Local\Programs\Python\Python38-32;C:\Users\SteveCode\AppData\Local\Programs\Python\Python38-32;C:\Program Files\Intel\WiFi\bin\;C:\Program Files\Common Files\Intel\WirelessCommon\;C:\Program Files\nodejs\;C:\Program Files\Git\cmd;C:\Program Files\MySQL\MySQL Shell 8.0\bin\;C:\Users\SteveCode\AppData\Local\Programs\Python\Python38-32\Scripts\;C:\Users\SteveCode\AppData\Local\Programs\Python\Python38-32\;C:\Users\SteveCode\AppData\Local\Microsoft\WindowsApps;C:\Program Files\Intel\WiFi\bin\;C:\Program Files\Common Files\Intel\WirelessCommon\;C:\Program Files\JetBrains\PyCharm Community Edition 2019.3.3\bin;;C:\Program Files\JetBrains\PyCharm 2019.3.3\bin;;C:\Users\SteveCode\AppData\Local\Programs\Microsoft VS Code\bin;C:\Users\SteveCode\AppData\Roaming\npm;C:\Program Files\JetBrains\IntelliJ IDEA Community Edition 2020.1.2\bin;;C:\Users\SteveCode\eclipse\java-2019-12\eclipse;
USERNAME=SteveCode
OS=Windows_NT
PROCESSOR_IDENTIFIER=Intel64 Family 6 Model 69 Stepping 1, GenuineIntel



---------------  S Y S T E M  ---------------

OS: Windows 10 , 64 bit Build 18362 (10.0.18362.900)

CPU:total 4 (initial active 4) (2 cores per cpu, 2 threads per core) family 6 model 69 stepping 1, cmov, cx8, fxsr, mmx, sse, sse2, sse3, ssse3, sse4.1, sse4.2, popcnt, avx, avx2, aes, clmul, erms, lzcnt, ht, tsc, tscinvbit, bmi1, bmi2, fma

Memory: 4k page, system-wide physical 8097M (1527M free)
TotalPageFile size 15200M (AvailPageFile size 115M)
current process WorkingSet (physical memory assigned to process): 10M, peak: 10M
current process commit charge ("private bytes"): 52M, peak: 180M

vm_info: Java HotSpot(TM) 64-Bit Server VM (13.0.2+8) for windows-amd64 JRE (13.0.2+8), built on Dec 11 2019 09:20:33 by "mach5one" with unknown MS VC++:1916

END.
